This file contains any messages produced by compilers while
running configure, to aid debugging if configure makes a mistake.

It was created by sgxautosample configure 1.0, which was
generated by GNU Autoconf 2.69.  Invocation command line was

  $ ./configure --with-openssldir=/opt/openssl/1.1.0i

## --------- ##
## Platform. ##
## --------- ##

hostname = user-9
uname -m = x86_64
uname -r = 4.15.0-65-generic
uname -s = Linux
uname -v = #74~16.04.1-Ubuntu SMP Wed Sep 18 09:51:44 UTC 2019

/usr/bin/uname -p = unknown
/bin/uname -X     = unknown

/bin/arch              = unknown
/usr/bin/arch -k       = unknown
/usr/convex/getsysinfo = unknown
/usr/bin/hostinfo      = unknown
/bin/machine           = unknown
/usr/bin/oslevel       = unknown
/bin/universe          = unknown

PATH: /home/yaoz/bin
PATH: /home/yaoz/.local/bin
PATH: /home/yaoz/tools/python2.7/bin
PATH: /home/yaoz/tools/vim/bin
PATH: /home/yaoz/bin
PATH: /home/yaoz/.local/bin
PATH: /usr/local/sbin
PATH: /usr/local/bin
PATH: /usr/sbin
PATH: /usr/bin
PATH: /sbin
PATH: /bin
PATH: /usr/games
PATH: /usr/local/games
PATH: /snap/bin
PATH: /home/user/sgx/sgxsdk/bin
PATH: /home/user/sgx/sgxsdk/bin/x64


## ----------- ##
## Core tests. ##
## ----------- ##

configure:2255: checking for a BSD-compatible install
configure:2323: result: /usr/bin/install -c
configure:2334: checking whether build environment is sane
configure:2389: result: yes
configure:2540: checking for a thread-safe mkdir -p
configure:2579: result: /bin/mkdir -p
configure:2586: checking for gawk
configure:2616: result: no
configure:2586: checking for mawk
configure:2602: found /usr/bin/mawk
configure:2613: result: mawk
configure:2624: checking whether make sets $(MAKE)
configure:2646: result: yes
configure:2675: checking whether make supports nested variables
configure:2692: result: yes
configure:2877: checking for g++
configure:2893: found /usr/bin/g++
configure:2904: result: g++
configure:2931: checking for C++ compiler version
configure:2940: g++ --version >&5
g++ (Ubuntu 5.4.0-6ubuntu1~16.04.12) 5.4.0 20160609
Copyright (C) 2015 Free Software Foundation, Inc.
This is free software; see the source for copying conditions.  There is NO
warranty; not even for MERCHANTABILITY or FITNESS FOR A PARTICULAR PURPOSE.

configure:2951: $? = 0
configure:2940: g++ -v >&5
Using built-in specs.
COLLECT_GCC=g++
COLLECT_LTO_WRAPPER=/usr/lib/gcc/x86_64-linux-gnu/5/lto-wrapper
Target: x86_64-linux-gnu
Configured with: ../src/configure -v --with-pkgversion='Ubuntu 5.4.0-6ubuntu1~16.04.12' --with-bugurl=file:///usr/share/doc/gcc-5/README.Bugs --enable-languages=c,ada,c++,java,go,d,fortran,objc,obj-c++ --prefix=/usr --program-suffix=-5 --enable-shared --enable-linker-build-id --libexecdir=/usr/lib --without-included-gettext --enable-threads=posix --libdir=/usr/lib --enable-nls --with-sysroot=/ --enable-clocale=gnu --enable-libstdcxx-debug --enable-libstdcxx-time=yes --with-default-libstdcxx-abi=new --enable-gnu-unique-object --disable-vtable-verify --enable-libmpx --enable-plugin --with-system-zlib --disable-browser-plugin --enable-java-awt=gtk --enable-gtk-cairo --with-java-home=/usr/lib/jvm/java-1.5.0-gcj-5-amd64/jre --enable-java-home --with-jvm-root-dir=/usr/lib/jvm/java-1.5.0-gcj-5-amd64 --with-jvm-jar-dir=/usr/lib/jvm-exports/java-1.5.0-gcj-5-amd64 --with-arch-directory=amd64 --with-ecj-jar=/usr/share/java/eclipse-ecj.jar --enable-objc-gc --enable-multiarch --disable-werror --with-arch-32=i686 --with-abi=m64 --with-multilib-list=m32,m64,mx32 --enable-multilib --with-tune=generic --enable-checking=release --build=x86_64-linux-gnu --host=x86_64-linux-gnu --target=x86_64-linux-gnu
Thread model: posix
gcc version 5.4.0 20160609 (Ubuntu 5.4.0-6ubuntu1~16.04.12) 
configure:2951: $? = 0
configure:2940: g++ -V >&5
g++: error: unrecognized command line option '-V'
g++: fatal error: no input files
compilation terminated.
configure:2951: $? = 1
configure:2940: g++ -qversion >&5
g++: error: unrecognized command line option '-qversion'
g++: fatal error: no input files
compilation terminated.
configure:2951: $? = 1
configure:2971: checking whether the C++ compiler works
configure:2993: g++    conftest.cpp  >&5
configure:2997: $? = 0
configure:3045: result: yes
configure:3048: checking for C++ compiler default output file name
configure:3050: result: a.out
configure:3056: checking for suffix of executables
configure:3063: g++ -o conftest    conftest.cpp  >&5
configure:3067: $? = 0
configure:3089: result: 
configure:3111: checking whether we are cross compiling
configure:3119: g++ -o conftest    conftest.cpp  >&5
configure:3123: $? = 0
configure:3130: ./conftest
configure:3134: $? = 0
configure:3149: result: no
configure:3154: checking for suffix of object files
configure:3176: g++ -c   conftest.cpp >&5
configure:3180: $? = 0
configure:3201: result: o
configure:3205: checking whether we are using the GNU C++ compiler
configure:3224: g++ -c   conftest.cpp >&5
configure:3224: $? = 0
configure:3233: result: yes
configure:3242: checking whether g++ accepts -g
configure:3262: g++ -c -g  conftest.cpp >&5
configure:3262: $? = 0
configure:3303: result: yes
configure:3337: checking for style of include used by make
configure:3365: result: GNU
configure:3391: checking dependency style of g++
configure:3502: result: gcc3
configure:3565: checking for gcc
configure:3581: found /usr/bin/gcc
configure:3592: result: gcc
configure:3821: checking for C compiler version
configure:3830: gcc --version >&5
gcc (Ubuntu 5.4.0-6ubuntu1~16.04.12) 5.4.0 20160609
Copyright (C) 2015 Free Software Foundation, Inc.
This is free software; see the source for copying conditions.  There is NO
warranty; not even for MERCHANTABILITY or FITNESS FOR A PARTICULAR PURPOSE.

configure:3841: $? = 0
configure:3830: gcc -v >&5
Using built-in specs.
COLLECT_GCC=gcc
COLLECT_LTO_WRAPPER=/usr/lib/gcc/x86_64-linux-gnu/5/lto-wrapper
Target: x86_64-linux-gnu
Configured with: ../src/configure -v --with-pkgversion='Ubuntu 5.4.0-6ubuntu1~16.04.12' --with-bugurl=file:///usr/share/doc/gcc-5/README.Bugs --enable-languages=c,ada,c++,java,go,d,fortran,objc,obj-c++ --prefix=/usr --program-suffix=-5 --enable-shared --enable-linker-build-id --libexecdir=/usr/lib --without-included-gettext --enable-threads=posix --libdir=/usr/lib --enable-nls --with-sysroot=/ --enable-clocale=gnu --enable-libstdcxx-debug --enable-libstdcxx-time=yes --with-default-libstdcxx-abi=new --enable-gnu-unique-object --disable-vtable-verify --enable-libmpx --enable-plugin --with-system-zlib --disable-browser-plugin --enable-java-awt=gtk --enable-gtk-cairo --with-java-home=/usr/lib/jvm/java-1.5.0-gcj-5-amd64/jre --enable-java-home --with-jvm-root-dir=/usr/lib/jvm/java-1.5.0-gcj-5-amd64 --with-jvm-jar-dir=/usr/lib/jvm-exports/java-1.5.0-gcj-5-amd64 --with-arch-directory=amd64 --with-ecj-jar=/usr/share/java/eclipse-ecj.jar --enable-objc-gc --enable-multiarch --disable-werror --with-arch-32=i686 --with-abi=m64 --with-multilib-list=m32,m64,mx32 --enable-multilib --with-tune=generic --enable-checking=release --build=x86_64-linux-gnu --host=x86_64-linux-gnu --target=x86_64-linux-gnu
Thread model: posix
gcc version 5.4.0 20160609 (Ubuntu 5.4.0-6ubuntu1~16.04.12) 
configure:3841: $? = 0
configure:3830: gcc -V >&5
gcc: error: unrecognized command line option '-V'
gcc: fatal error: no input files
compilation terminated.
configure:3841: $? = 1
configure:3830: gcc -qversion >&5
gcc: error: unrecognized command line option '-qversion'
gcc: fatal error: no input files
compilation terminated.
configure:3841: $? = 1
configure:3845: checking whether we are using the GNU C compiler
configure:3864: gcc -c   conftest.c >&5
configure:3864: $? = 0
configure:3873: result: yes
configure:3882: checking whether gcc accepts -g
configure:3902: gcc -c -g  conftest.c >&5
configure:3902: $? = 0
configure:3943: result: yes
configure:3960: checking for gcc option to accept ISO C89
configure:4023: gcc  -c -g -O2  conftest.c >&5
configure:4023: $? = 0
configure:4036: result: none needed
configure:4061: checking whether gcc understands -c and -o together
configure:4083: gcc -c conftest.c -o conftest2.o
configure:4086: $? = 0
configure:4083: gcc -c conftest.c -o conftest2.o
configure:4086: $? = 0
configure:4098: result: yes
configure:4117: checking dependency style of gcc
configure:4228: result: gcc3
configure:4248: checking how to run the C preprocessor
configure:4279: gcc -E  conftest.c
configure:4279: $? = 0
configure:4293: gcc -E  conftest.c
conftest.c:11:28: fatal error: ac_nonexistent.h: No such file or directory
compilation terminated.
configure:4293: $? = 1
configure: failed program was:
| /* confdefs.h */
| #define PACKAGE_NAME "sgxautosample"
| #define PACKAGE_TARNAME "sgxautosample"
| #define PACKAGE_VERSION "1.0"
| #define PACKAGE_STRING "sgxautosample 1.0"
| #define PACKAGE_BUGREPORT "john.p.mechalas@intel.com"
| #define PACKAGE_URL ""
| #define PACKAGE "sgxautosample"
| #define VERSION "1.0"
| /* end confdefs.h.  */
| #include <ac_nonexistent.h>
configure:4318: result: gcc -E
configure:4338: gcc -E  conftest.c
configure:4338: $? = 0
configure:4352: gcc -E  conftest.c
conftest.c:11:28: fatal error: ac_nonexistent.h: No such file or directory
compilation terminated.
configure:4352: $? = 1
configure: failed program was:
| /* confdefs.h */
| #define PACKAGE_NAME "sgxautosample"
| #define PACKAGE_TARNAME "sgxautosample"
| #define PACKAGE_VERSION "1.0"
| #define PACKAGE_STRING "sgxautosample 1.0"
| #define PACKAGE_BUGREPORT "john.p.mechalas@intel.com"
| #define PACKAGE_URL ""
| #define PACKAGE "sgxautosample"
| #define VERSION "1.0"
| /* end confdefs.h.  */
| #include <ac_nonexistent.h>
configure:4425: checking for ranlib
configure:4441: found /usr/bin/ranlib
configure:4452: result: ranlib
configure:4678: Found your Intel SGX SDK in /home/user/sgx/sgxsdk
configure:4735: enabling SGX... yes
configure:4764: checking for grep that handles long lines and -e
configure:4822: result: /bin/grep
configure:4827: checking for egrep
configure:4889: result: /bin/grep -E
configure:4912: checking for xxd
configure:4930: found /home/yaoz/tools/vim/bin/xxd
configure:4942: result: /home/yaoz/tools/vim/bin/xxd
configure:4963: checking for ANSI C header files
configure:4983: gcc -c -g -O2  conftest.c >&5
configure:4983: $? = 0
configure:5056: gcc -o conftest -g -O2   -L/opt/openssl/1.1.0i/lib conftest.c  >&5
configure:5056: $? = 0
configure:5056: ./conftest
configure:5056: $? = 0
configure:5067: result: yes
configure:5080: checking for sys/types.h
configure:5080: gcc -c -g -O2  conftest.c >&5
configure:5080: $? = 0
configure:5080: result: yes
configure:5080: checking for sys/stat.h
configure:5080: gcc -c -g -O2  conftest.c >&5
configure:5080: $? = 0
configure:5080: result: yes
configure:5080: checking for stdlib.h
configure:5080: gcc -c -g -O2  conftest.c >&5
configure:5080: $? = 0
configure:5080: result: yes
configure:5080: checking for string.h
configure:5080: gcc -c -g -O2  conftest.c >&5
configure:5080: $? = 0
configure:5080: result: yes
configure:5080: checking for memory.h
configure:5080: gcc -c -g -O2  conftest.c >&5
configure:5080: $? = 0
configure:5080: result: yes
configure:5080: checking for strings.h
configure:5080: gcc -c -g -O2  conftest.c >&5
configure:5080: $? = 0
configure:5080: result: yes
configure:5080: checking for inttypes.h
configure:5080: gcc -c -g -O2  conftest.c >&5
configure:5080: $? = 0
configure:5080: result: yes
configure:5080: checking for stdint.h
configure:5080: gcc -c -g -O2  conftest.c >&5
configure:5080: $? = 0
configure:5080: result: yes
configure:5080: checking for unistd.h
configure:5080: gcc -c -g -O2  conftest.c >&5
configure:5080: $? = 0
configure:5080: result: yes
configure:5095: checking openssl/evp.h usability
configure:5095: gcc -c -g -O2  conftest.c >&5
configure:5095: $? = 0
configure:5095: result: yes
configure:5095: checking openssl/evp.h presence
configure:5095: gcc -E  conftest.c
configure:5095: $? = 0
configure:5095: result: yes
configure:5095: checking for openssl/evp.h
configure:5095: result: yes
configure:5095: checking openssl/x509.h usability
configure:5095: gcc -c -g -O2  conftest.c >&5
configure:5095: $? = 0
configure:5095: result: yes
configure:5095: checking openssl/x509.h presence
configure:5095: gcc -E  conftest.c
configure:5095: $? = 0
configure:5095: result: yes
configure:5095: checking for openssl/x509.h
configure:5095: result: yes
configure:5095: checking openssl/pem.h usability
configure:5095: gcc -c -g -O2  conftest.c >&5
configure:5095: $? = 0
configure:5095: result: yes
configure:5095: checking openssl/pem.h presence
configure:5095: gcc -E  conftest.c
configure:5095: $? = 0
configure:5095: result: yes
configure:5095: checking for openssl/pem.h
configure:5095: result: yes
configure:5110: checking for library containing ECDSA_SIG_set0
configure:5141: gcc -o conftest -g -O2   -L/opt/openssl/1.1.0i/lib conftest.c  >&5
/tmp/ccgQaMSO.o: In function `main':
/home/yaoz/crust-tee/Attestation/sgx-ra-sample/conftest.c:36: undefined reference to `ECDSA_SIG_set0'
collect2: error: ld returned 1 exit status
configure:5141: $? = 1
configure: failed program was:
| /* confdefs.h */
| #define PACKAGE_NAME "sgxautosample"
| #define PACKAGE_TARNAME "sgxautosample"
| #define PACKAGE_VERSION "1.0"
| #define PACKAGE_STRING "sgxautosample 1.0"
| #define PACKAGE_BUGREPORT "john.p.mechalas@intel.com"
| #define PACKAGE_URL ""
| #define PACKAGE "sgxautosample"
| #define VERSION "1.0"
| #define DEBUG 1
| #define STDC_HEADERS 1
| #define HAVE_SYS_TYPES_H 1
| #define HAVE_SYS_STAT_H 1
| #define HAVE_STDLIB_H 1
| #define HAVE_STRING_H 1
| #define HAVE_MEMORY_H 1
| #define HAVE_STRINGS_H 1
| #define HAVE_INTTYPES_H 1
| #define HAVE_STDINT_H 1
| #define HAVE_UNISTD_H 1
| #define HAVE_OPENSSL_EVP_H 1
| #define HAVE_OPENSSL_X509_H 1
| #define HAVE_OPENSSL_PEM_H 1
| /* end confdefs.h.  */
| 
| /* Override any GCC internal prototype to avoid an error.
|    Use char because int might match the return type of a GCC
|    builtin and then its argument prototype would still apply.  */
| #ifdef __cplusplus
| extern "C"
| #endif
| char ECDSA_SIG_set0 ();
| int
| main ()
| {
| return ECDSA_SIG_set0 ();
|   ;
|   return 0;
| }
configure:5141: gcc -o conftest -g -O2   -L/opt/openssl/1.1.0i/lib conftest.c -lcrypto   >&5
configure:5141: $? = 0
configure:5158: result: -lcrypto
configure:5195: checking curl/curl.h usability
configure:5195: gcc -c -g -O2  conftest.c >&5
configure:5195: $? = 0
configure:5195: result: yes
configure:5195: checking curl/curl.h presence
configure:5195: gcc -E  conftest.c
configure:5195: $? = 0
configure:5195: result: yes
configure:5195: checking for curl/curl.h
configure:5195: result: yes
configure:5205: checking for library containing curl_easy_init
configure:5236: gcc -o conftest -g -O2   conftest.c  >&5
/tmp/ccax8d9V.o: In function `main':
/home/yaoz/crust-tee/Attestation/sgx-ra-sample/conftest.c:36: undefined reference to `curl_easy_init'
collect2: error: ld returned 1 exit status
configure:5236: $? = 1
configure: failed program was:
| /* confdefs.h */
| #define PACKAGE_NAME "sgxautosample"
| #define PACKAGE_TARNAME "sgxautosample"
| #define PACKAGE_VERSION "1.0"
| #define PACKAGE_STRING "sgxautosample 1.0"
| #define PACKAGE_BUGREPORT "john.p.mechalas@intel.com"
| #define PACKAGE_URL ""
| #define PACKAGE "sgxautosample"
| #define VERSION "1.0"
| #define DEBUG 1
| #define STDC_HEADERS 1
| #define HAVE_SYS_TYPES_H 1
| #define HAVE_SYS_STAT_H 1
| #define HAVE_STDLIB_H 1
| #define HAVE_STRING_H 1
| #define HAVE_MEMORY_H 1
| #define HAVE_STRINGS_H 1
| #define HAVE_INTTYPES_H 1
| #define HAVE_STDINT_H 1
| #define HAVE_UNISTD_H 1
| #define HAVE_OPENSSL_EVP_H 1
| #define HAVE_OPENSSL_X509_H 1
| #define HAVE_OPENSSL_PEM_H 1
| /* end confdefs.h.  */
| 
| /* Override any GCC internal prototype to avoid an error.
|    Use char because int might match the return type of a GCC
|    builtin and then its argument prototype would still apply.  */
| #ifdef __cplusplus
| extern "C"
| #endif
| char curl_easy_init ();
| int
| main ()
| {
| return curl_easy_init ();
|   ;
|   return 0;
| }
configure:5236: gcc -o conftest -g -O2   conftest.c -lcurl   >&5
configure:5236: $? = 0
configure:5253: result: -lcurl
configure:5307: checking CA bundle file
configure:5318: result: /etc/ssl/certs/ca-certificates.crt
configure:5441: checking that generated files are newer than configure
configure:5447: result: done
configure:5490: creating ./config.status

## ---------------------- ##
## Running config.status. ##
## ---------------------- ##

This file was extended by sgxautosample config.status 1.0, which was
generated by GNU Autoconf 2.69.  Invocation command line was

  CONFIG_FILES    = 
  CONFIG_HEADERS  = 
  CONFIG_LINKS    = 
  CONFIG_COMMANDS = 
  $ ./config.status 

on user-9

config.status:911: creating mrsigner.sh
config.status:911: creating run-server
config.status:911: creating run-client
config.status:911: creating Makefile
config.status:911: creating Enclave/Makefile
config.status:911: creating config.h
config.status:1140: executing depfiles commands

## ---------------- ##
## Cache variables. ##
## ---------------- ##

ac_cv_c_compiler_gnu=yes
ac_cv_cxx_compiler_gnu=yes
ac_cv_default_ca_bundle_auto=/etc/ssl/certs/ca-certificates.crt
ac_cv_enable_sgx=yes
ac_cv_env_CCC_set=
ac_cv_env_CCC_value=
ac_cv_env_CC_set=
ac_cv_env_CC_value=
ac_cv_env_CFLAGS_set=
ac_cv_env_CFLAGS_value=
ac_cv_env_CPPFLAGS_set=
ac_cv_env_CPPFLAGS_value=
ac_cv_env_CPP_set=
ac_cv_env_CPP_value=
ac_cv_env_CXXFLAGS_set=
ac_cv_env_CXXFLAGS_value=
ac_cv_env_CXX_set=
ac_cv_env_CXX_value=
ac_cv_env_LDFLAGS_set=
ac_cv_env_LDFLAGS_value=
ac_cv_env_LIBS_set=
ac_cv_env_LIBS_value=
ac_cv_env_build_alias_set=
ac_cv_env_build_alias_value=
ac_cv_env_host_alias_set=
ac_cv_env_host_alias_value=
ac_cv_env_target_alias_set=
ac_cv_env_target_alias_value=
ac_cv_header_curl_curl_h=yes
ac_cv_header_inttypes_h=yes
ac_cv_header_memory_h=yes
ac_cv_header_openssl_evp_h=yes
ac_cv_header_openssl_pem_h=yes
ac_cv_header_openssl_x509_h=yes
ac_cv_header_stdc=yes
ac_cv_header_stdint_h=yes
ac_cv_header_stdlib_h=yes
ac_cv_header_string_h=yes
ac_cv_header_strings_h=yes
ac_cv_header_sys_stat_h=yes
ac_cv_header_sys_types_h=yes
ac_cv_header_unistd_h=yes
ac_cv_objext=o
ac_cv_path_EGREP='/bin/grep -E'
ac_cv_path_GREP=/bin/grep
ac_cv_path_have_xxd=/home/yaoz/tools/vim/bin/xxd
ac_cv_path_install='/usr/bin/install -c'
ac_cv_path_mkdir=/bin/mkdir
ac_cv_prog_AWK=mawk
ac_cv_prog_CPP='gcc -E'
ac_cv_prog_ac_ct_CC=gcc
ac_cv_prog_ac_ct_CXX=g++
ac_cv_prog_ac_ct_RANLIB=ranlib
ac_cv_prog_cc_c89=
ac_cv_prog_cc_g=yes
ac_cv_prog_cxx_g=yes
ac_cv_prog_make_make_set=yes
ac_cv_search_ECDSA_SIG_set0=-lcrypto
ac_cv_search_curl_easy_init=-lcurl
ac_cv_sgx_enclave_ldadd='-Wl,--no-undefined -Wl,--whole-archive -lsgx_trts -Wl,--no-whole-archive -Wl,--start-group -lsgx_tstdc -lsgx_tcrypto -lsgx_tservice_lib -Wl,--end-group -Wl,-Bstatic -Wl,-Bsymbolic -Wl,-pie,-eenclave_entry -Wl,--export-dynamic -Wl,--defsym,__ImageBase=0'
ac_cv_sgx_enclave_ldflags='-nostdlib -nodefaultlibs -nostartfiles -L/home/user/sgx/sgxsdk/lib64'
ac_cv_sgx_init=yes
ac_cv_sgx_sdk=/home/user/sgx/sgxsdk
ac_cv_sgx_sdk_bindir=/home/user/sgx/sgxsdk/bin/x64
ac_cv_sgx_sdk_incdir=/home/user/sgx/sgxsdk/include
ac_cv_sgx_sdk_libdir=/home/user/sgx/sgxsdk/lib64
ac_cv_sgx_tlib_cflags='-nostdinc -fvisibility=hidden -fpie -fstack-protector'
ac_cv_sgx_tlib_cppflags='-I/home/user/sgx/sgxsdk/include -I/home/user/sgx/sgxsdk/include/tlibc'
ac_cv_sgx_tlib_cxxflags='-nostdinc++ -fvisibility=hidden -fpie -fstack-protector'
am_cv_CC_dependencies_compiler_type=gcc3
am_cv_CXX_dependencies_compiler_type=gcc3
am_cv_make_support_nested_variables=yes
am_cv_prog_cc_c_o=yes

## ----------------- ##
## Output variables. ##
## ----------------- ##

ACLOCAL='${SHELL} /home/yaoz/crust-tee/Attestation/sgx-ra-sample/missing aclocal-1.15'
AGENT_CURL_FALSE='#'
AGENT_CURL_SRC='agent_curl.cpp'
AGENT_CURL_TRUE=''
AMDEPBACKSLASH='\'
AMDEP_FALSE='#'
AMDEP_TRUE=''
AMTAR='$${TAR-tar}'
AM_BACKSLASH='\'
AM_DEFAULT_V='$(AM_DEFAULT_VERBOSITY)'
AM_DEFAULT_VERBOSITY='1'
AM_V='$(V)'
AUTOCONF='${SHELL} /home/yaoz/crust-tee/Attestation/sgx-ra-sample/missing autoconf'
AUTOHEADER='${SHELL} /home/yaoz/crust-tee/Attestation/sgx-ra-sample/missing autoheader'
AUTOMAKE='${SHELL} /home/yaoz/crust-tee/Attestation/sgx-ra-sample/missing automake-1.15'
AWK='mawk'
CC='gcc'
CCDEPMODE='depmode=gcc3'
CFLAGS='-g -O2'
CPP='gcc -E'
CPPFLAGS=''
CURL_CPPFLAGS=''
CURL_LDFLAGS=''
CURL_LIBDIR=''
CURL_LIBS='-lcurl'
CXX='g++'
CXXDEPMODE='depmode=gcc3'
CXXFLAGS='-g -O2'
CYGPATH_W='echo'
DEFS='-DHAVE_CONFIG_H'
DEPDIR='.deps'
ECHO_C=''
ECHO_N='-n'
ECHO_T=''
EGREP='/bin/grep -E'
ENCLAVE_RELEASE_SIGN_FALSE=''
ENCLAVE_RELEASE_SIGN_TRUE='#'
ENCLAVE_SIGN_TARGET='signed_enclave_dev'
EXEEXT=''
GREP='/bin/grep'
INSTALL_DATA='${INSTALL} -m 644'
INSTALL_PROGRAM='${INSTALL}'
INSTALL_SCRIPT='${INSTALL}'
INSTALL_STRIP_PROGRAM='$(install_sh) -c -s'
LDFLAGS=''
LIBOBJS=''
LIBS=''
LIBS_HW_SIMU=''
LTLIBOBJS=''
MAKEINFO='${SHELL} /home/yaoz/crust-tee/Attestation/sgx-ra-sample/missing makeinfo'
MKDIR_P='/bin/mkdir -p'
OBJEXT='o'
OPENSSL_CPPFLAGS='-I/opt/openssl/1.1.0i/include'
OPENSSL_LDFLAGS='-L/opt/openssl/1.1.0i/lib'
OPENSSL_LIBDIR='/opt/openssl/1.1.0i/lib'
PACKAGE='sgxautosample'
PACKAGE_BUGREPORT='john.p.mechalas@intel.com'
PACKAGE_NAME='sgxautosample'
PACKAGE_STRING='sgxautosample 1.0'
PACKAGE_TARNAME='sgxautosample'
PACKAGE_URL=''
PACKAGE_VERSION='1.0'
PATH_SEPARATOR=':'
RANLIB='ranlib'
SET_MAKE=''
SGXSDK='/home/user/sgx/sgxsdk'
SGXSDK_BINDIR='/home/user/sgx/sgxsdk/bin/x64'
SGXSDK_INCDIR='/home/user/sgx/sgxsdk/include'
SGXSDK_LIBDIR='/home/user/sgx/sgxsdk/lib64'
SGXSSL='/opt/intel/sgxssl'
SGXSSL_INCDIR='/opt/intel/sgxssl/include'
SGXSSL_LIBDIR='/opt/intel/sgxssl/lib64'
SGX_DEBUG_FLAGS=''
SGX_ENABLED_FALSE='#'
SGX_ENABLED_TRUE=''
SGX_ENCLAVE_CFLAGS='-nostdinc -fvisibility=hidden -fpie -ffunction-sections -fdata-sections -fstack-protector'
SGX_ENCLAVE_CPPFLAGS='-I$(SGXSDK_INCDIR) -I$(SGXSDK_INCDIR)/tlibc'
SGX_ENCLAVE_CXXFLAGS='-nostdinc++ -fvisibility=hidden -fpie -ffunction-sections -fdata-sections -fstack-protector'
SGX_ENCLAVE_LDADD='-Wl,--no-undefined -Wl,--whole-archive -l$(SGX_TRTS_LIB) -Wl,--no-whole-archive -Wl,--start-group $(SGX_EXTRA_TLIBS) -lsgx_tstdc -lsgx_tcrypto -l$(SGX_TSERVICE_LIB) -Wl,--end-group -Wl,-Bstatic -Wl,-Bsymbolic -Wl,-pie,-eenclave_entry -Wl,--export-dynamic -Wl,--defsym,__ImageBase=0'
SGX_ENCLAVE_LDFLAGS='-nostdlib -nodefaultlibs -nostartfiles -L$(SGXSDK_LIBDIR)'
SGX_HW_SIM_FALSE=''
SGX_HW_SIM_TRUE='#'
SGX_TLIB_CFLAGS='-nostdinc -fvisibility=hidden -fpie -fstack-protector'
SGX_TLIB_CPPFLAGS='-I$(SGXSDK_INCDIR) -I$(SGXSDK_INCDIR)/tlibc'
SGX_TLIB_CXXFLAGS='-nostdinc++ -fvisibility=hidden -fpie -fstack-protector'
SGX_TRTS_LIB='sgx_trts'
SGX_TSERVICE_LIB='sgx_tservice'
SGX_UAE_SERVICE_LIB='sgx_uae_service'
SGX_URTS_LIB='sgx_urts'
SHELL='/bin/bash'
STRIP=''
VERSION='1.0'
ac_ct_CC='gcc'
ac_ct_CXX='g++'
am__EXEEXT_FALSE=''
am__EXEEXT_TRUE='#'
am__fastdepCC_FALSE='#'
am__fastdepCC_TRUE=''
am__fastdepCXX_FALSE='#'
am__fastdepCXX_TRUE=''
am__include='include'
am__isrc=''
am__leading_dot='.'
am__nodep='_no'
am__quote=''
am__tar='$${TAR-tar} chof - "$$tardir"'
am__untar='$${TAR-tar} xf -'
bindir='${exec_prefix}/bin'
build_alias=''
datadir='${datarootdir}'
datarootdir='${prefix}/share'
docdir='${datarootdir}/doc/${PACKAGE_TARNAME}'
dvidir='${docdir}'
enclave_libdir='${exec_prefix}/libexec'
exec_prefix='${prefix}'
have_xxd='/home/yaoz/tools/vim/bin/xxd'
host_alias=''
htmldir='${docdir}'
includedir='${prefix}/include'
infodir='${datarootdir}/info'
install_sh='${SHELL} /home/yaoz/crust-tee/Attestation/sgx-ra-sample/install-sh'
libdir='${exec_prefix}/lib'
libexecdir='${exec_prefix}/libexec'
localedir='${datarootdir}/locale'
localstatedir='${prefix}/var'
mandir='${datarootdir}/man'
mkdir_p='$(MKDIR_P)'
oldincludedir='/usr/include'
pdfdir='${docdir}'
prefix='/usr/local'
program_transform_name='s,x,x,'
psdir='${docdir}'
runstatedir='${localstatedir}/run'
sbindir='${exec_prefix}/sbin'
sharedstatedir='${prefix}/com'
sysconfdir='${prefix}/etc'
target_alias=''

## ----------- ##
## confdefs.h. ##
## ----------- ##

/* confdefs.h */
#define PACKAGE_NAME "sgxautosample"
#define PACKAGE_TARNAME "sgxautosample"
#define PACKAGE_VERSION "1.0"
#define PACKAGE_STRING "sgxautosample 1.0"
#define PACKAGE_BUGREPORT "john.p.mechalas@intel.com"
#define PACKAGE_URL ""
#define PACKAGE "sgxautosample"
#define VERSION "1.0"
#define DEBUG 1
#define STDC_HEADERS 1
#define HAVE_SYS_TYPES_H 1
#define HAVE_SYS_STAT_H 1
#define HAVE_STDLIB_H 1
#define HAVE_STRING_H 1
#define HAVE_MEMORY_H 1
#define HAVE_STRINGS_H 1
#define HAVE_INTTYPES_H 1
#define HAVE_STDINT_H 1
#define HAVE_UNISTD_H 1
#define HAVE_OPENSSL_EVP_H 1
#define HAVE_OPENSSL_X509_H 1
#define HAVE_OPENSSL_PEM_H 1
#define AGENT_LIBCURL 1
#define DEFAULT_CA_BUNDLE_AUTO "/etc/ssl/certs/ca-certificates.crt"

configure: exit 0
